[2026-01-30 01:00:42,164][cifar10_resnet50_False][INFO] - --- Experiment: cifar10 + resnet50 ---
[2026-01-30 01:00:42,167][cifar10_resnet50_False][INFO] - Config:
model:
  name: resnet50
  num_classes: 10
  pretrained: false
  image_size: 32
train:
  epochs: 50
  batch_size: 64
  learning_rate: 0.1
  weight_decay: 0.0005
  optimizer: sgd
  momentum: 0.9
  device: cuda
  log_dir: ./logs
dataset:
  name: cifar10
  path: /workspace/cv/data/cifar10
  num_classes: 10
  image_size: 32
data:
  batch_size: 64
  num_workers: 4
seed: 42
output_dir: ./outputs
eval:
  batch_size: 256
  device: cuda
robustness:
  data_root: ./data/CIFAR-10-C
  batch_size: 256
  device: cuda
background:
  data_root: ./data/ImageNet9
  epochs: 5
  batch_size: 64
  learning_rate: 0.0001
  device: cuda

[2026-01-30 01:00:43,850][cifar10_resnet50_False][INFO] - Optimizer: SGD (lr=0.1, momentum=0.9)
[2026-01-30 01:01:14,202][cifar10_resnet50_False][INFO] - Epoch 1/50 | Train Loss: 2.1856 | Train Top1: 32.93% | Val Top1: 44.20% | Val Top5: 91.02%
[2026-01-30 01:01:14,325][cifar10_resnet50_False][INFO] -    >>> Best model saved (Top1: 44.20%)
[2026-01-30 01:01:44,417][cifar10_resnet50_False][INFO] - Epoch 2/50 | Train Loss: 1.4166 | Train Top1: 49.01% | Val Top1: 53.64% | Val Top5: 93.52%
[2026-01-30 01:01:45,182][cifar10_resnet50_False][INFO] -    >>> Best model saved (Top1: 53.64%)
[2026-01-30 01:02:15,290][cifar10_resnet50_False][INFO] - Epoch 3/50 | Train Loss: 1.2300 | Train Top1: 56.39% | Val Top1: 56.54% | Val Top5: 94.30%
[2026-01-30 01:02:16,111][cifar10_resnet50_False][INFO] -    >>> Best model saved (Top1: 56.54%)
[2026-01-30 01:02:46,548][cifar10_resnet50_False][INFO] - Epoch 4/50 | Train Loss: 1.1160 | Train Top1: 61.05% | Val Top1: 60.52% | Val Top5: 95.80%
[2026-01-30 01:02:47,378][cifar10_resnet50_False][INFO] -    >>> Best model saved (Top1: 60.52%)
[2026-01-30 01:03:17,911][cifar10_resnet50_False][INFO] - Epoch 5/50 | Train Loss: 1.0302 | Train Top1: 64.25% | Val Top1: 62.98% | Val Top5: 95.60%
[2026-01-30 01:03:18,583][cifar10_resnet50_False][INFO] -    >>> Best model saved (Top1: 62.98%)
[2026-01-30 01:03:49,566][cifar10_resnet50_False][INFO] - Epoch 6/50 | Train Loss: 0.9800 | Train Top1: 66.00% | Val Top1: 62.26% | Val Top5: 96.16%
[2026-01-30 01:04:20,881][cifar10_resnet50_False][INFO] - Epoch 7/50 | Train Loss: 0.9454 | Train Top1: 67.51% | Val Top1: 63.42% | Val Top5: 96.00%
[2026-01-30 01:04:21,829][cifar10_resnet50_False][INFO] -    >>> Best model saved (Top1: 63.42%)
[2026-01-30 01:04:53,155][cifar10_resnet50_False][INFO] - Epoch 8/50 | Train Loss: 0.9232 | Train Top1: 68.30% | Val Top1: 59.50% | Val Top5: 95.22%
[2026-01-30 01:05:24,501][cifar10_resnet50_False][INFO] - Epoch 9/50 | Train Loss: 0.9044 | Train Top1: 69.03% | Val Top1: 59.34% | Val Top5: 95.84%
[2026-01-30 01:05:56,003][cifar10_resnet50_False][INFO] - Epoch 10/50 | Train Loss: 0.8809 | Train Top1: 69.95% | Val Top1: 62.66% | Val Top5: 95.92%
[2026-01-30 01:06:27,819][cifar10_resnet50_False][INFO] - Epoch 11/50 | Train Loss: 0.8598 | Train Top1: 70.72% | Val Top1: 66.62% | Val Top5: 97.02%
[2026-01-30 01:06:28,698][cifar10_resnet50_False][INFO] -    >>> Best model saved (Top1: 66.62%)
[2026-01-30 01:07:00,165][cifar10_resnet50_False][INFO] - Epoch 12/50 | Train Loss: 0.8529 | Train Top1: 70.83% | Val Top1: 68.62% | Val Top5: 96.60%
[2026-01-30 01:07:00,971][cifar10_resnet50_False][INFO] -    >>> Best model saved (Top1: 68.62%)
[2026-01-30 01:07:32,606][cifar10_resnet50_False][INFO] - Epoch 13/50 | Train Loss: 0.8369 | Train Top1: 71.34% | Val Top1: 63.36% | Val Top5: 96.44%
[2026-01-30 01:08:04,345][cifar10_resnet50_False][INFO] - Epoch 14/50 | Train Loss: 0.8309 | Train Top1: 71.59% | Val Top1: 67.02% | Val Top5: 96.86%
[2026-01-30 01:08:35,996][cifar10_resnet50_False][INFO] - Epoch 15/50 | Train Loss: 0.8123 | Train Top1: 72.01% | Val Top1: 65.80% | Val Top5: 96.50%
[2026-01-30 01:09:08,040][cifar10_resnet50_False][INFO] - Epoch 16/50 | Train Loss: 0.8035 | Train Top1: 72.41% | Val Top1: 63.00% | Val Top5: 95.50%
[2026-01-30 01:09:40,036][cifar10_resnet50_False][INFO] - Epoch 17/50 | Train Loss: 0.7941 | Train Top1: 73.05% | Val Top1: 67.32% | Val Top5: 96.94%
[2026-01-30 01:10:11,976][cifar10_resnet50_False][INFO] - Epoch 18/50 | Train Loss: 0.7948 | Train Top1: 72.99% | Val Top1: 66.98% | Val Top5: 97.12%
[2026-01-30 01:10:43,896][cifar10_resnet50_False][INFO] - Epoch 19/50 | Train Loss: 0.7896 | Train Top1: 73.10% | Val Top1: 67.74% | Val Top5: 96.38%
[2026-01-30 01:11:15,819][cifar10_resnet50_False][INFO] - Epoch 20/50 | Train Loss: 0.7880 | Train Top1: 73.29% | Val Top1: 67.88% | Val Top5: 96.62%
[2026-01-30 01:11:47,858][cifar10_resnet50_False][INFO] - Epoch 21/50 | Train Loss: 0.7728 | Train Top1: 73.83% | Val Top1: 69.32% | Val Top5: 96.96%
[2026-01-30 01:11:48,846][cifar10_resnet50_False][INFO] -    >>> Best model saved (Top1: 69.32%)
[2026-01-30 01:12:20,693][cifar10_resnet50_False][INFO] - Epoch 22/50 | Train Loss: 0.7840 | Train Top1: 73.51% | Val Top1: 68.32% | Val Top5: 97.00%
[2026-01-30 01:12:52,636][cifar10_resnet50_False][INFO] - Epoch 23/50 | Train Loss: 0.7618 | Train Top1: 74.09% | Val Top1: 68.24% | Val Top5: 96.64%
[2026-01-30 01:13:24,647][cifar10_resnet50_False][INFO] - Epoch 24/50 | Train Loss: 0.7667 | Train Top1: 73.85% | Val Top1: 72.90% | Val Top5: 97.80%
[2026-01-30 01:13:25,461][cifar10_resnet50_False][INFO] -    >>> Best model saved (Top1: 72.90%)
[2026-01-30 01:13:57,275][cifar10_resnet50_False][INFO] - Epoch 25/50 | Train Loss: 0.7553 | Train Top1: 74.28% | Val Top1: 65.60% | Val Top5: 95.46%
[2026-01-30 01:14:29,177][cifar10_resnet50_False][INFO] - Epoch 26/50 | Train Loss: 0.7553 | Train Top1: 74.24% | Val Top1: 71.18% | Val Top5: 97.40%
[2026-01-30 01:15:01,074][cifar10_resnet50_False][INFO] - Epoch 27/50 | Train Loss: 0.7505 | Train Top1: 74.39% | Val Top1: 70.74% | Val Top5: 96.92%
[2026-01-30 01:15:33,119][cifar10_resnet50_False][INFO] - Epoch 28/50 | Train Loss: 0.7612 | Train Top1: 74.24% | Val Top1: 65.10% | Val Top5: 96.10%
[2026-01-30 01:16:05,228][cifar10_resnet50_False][INFO] - Epoch 29/50 | Train Loss: 0.7489 | Train Top1: 74.36% | Val Top1: 68.40% | Val Top5: 96.82%
[2026-01-30 01:16:37,174][cifar10_resnet50_False][INFO] - Epoch 30/50 | Train Loss: 0.7440 | Train Top1: 74.85% | Val Top1: 67.56% | Val Top5: 96.58%
[2026-01-30 01:17:09,167][cifar10_resnet50_False][INFO] - Epoch 31/50 | Train Loss: 0.7340 | Train Top1: 75.14% | Val Top1: 66.12% | Val Top5: 96.76%
[2026-01-30 01:17:41,081][cifar10_resnet50_False][INFO] - Epoch 32/50 | Train Loss: 0.7377 | Train Top1: 75.26% | Val Top1: 70.88% | Val Top5: 97.48%
[2026-01-30 01:18:13,094][cifar10_resnet50_False][INFO] - Epoch 33/50 | Train Loss: 0.7395 | Train Top1: 74.88% | Val Top1: 66.68% | Val Top5: 96.28%
[2026-01-30 01:18:44,972][cifar10_resnet50_False][INFO] - Epoch 34/50 | Train Loss: 0.7398 | Train Top1: 74.90% | Val Top1: 70.32% | Val Top5: 96.94%
[2026-01-30 01:19:16,924][cifar10_resnet50_False][INFO] - Epoch 35/50 | Train Loss: 0.7240 | Train Top1: 75.38% | Val Top1: 68.36% | Val Top5: 97.04%
[2026-01-30 01:19:49,055][cifar10_resnet50_False][INFO] - Epoch 36/50 | Train Loss: 0.7276 | Train Top1: 75.22% | Val Top1: 68.62% | Val Top5: 97.52%
[2026-01-30 01:20:21,090][cifar10_resnet50_False][INFO] - Epoch 37/50 | Train Loss: 0.7341 | Train Top1: 75.10% | Val Top1: 66.68% | Val Top5: 97.50%
[2026-01-30 01:20:53,050][cifar10_resnet50_False][INFO] - Epoch 38/50 | Train Loss: 0.7226 | Train Top1: 75.81% | Val Top1: 69.20% | Val Top5: 96.80%
[2026-01-30 01:21:24,873][cifar10_resnet50_False][INFO] - Epoch 39/50 | Train Loss: 0.7223 | Train Top1: 75.38% | Val Top1: 68.34% | Val Top5: 97.06%
[2026-01-30 01:21:56,649][cifar10_resnet50_False][INFO] - Epoch 40/50 | Train Loss: 0.7247 | Train Top1: 75.52% | Val Top1: 70.76% | Val Top5: 97.18%
[2026-01-30 01:22:28,703][cifar10_resnet50_False][INFO] - Epoch 41/50 | Train Loss: 0.7250 | Train Top1: 75.46% | Val Top1: 68.80% | Val Top5: 96.94%
[2026-01-30 01:23:00,795][cifar10_resnet50_False][INFO] - Epoch 42/50 | Train Loss: 0.7467 | Train Top1: 74.64% | Val Top1: 68.42% | Val Top5: 97.42%
[2026-01-30 01:23:32,787][cifar10_resnet50_False][INFO] - Epoch 43/50 | Train Loss: 0.7179 | Train Top1: 75.62% | Val Top1: 70.52% | Val Top5: 97.46%
[2026-01-30 01:24:04,658][cifar10_resnet50_False][INFO] - Epoch 44/50 | Train Loss: 0.7169 | Train Top1: 75.79% | Val Top1: 68.74% | Val Top5: 97.26%
[2026-01-30 01:24:36,582][cifar10_resnet50_False][INFO] - Epoch 45/50 | Train Loss: 0.7196 | Train Top1: 75.66% | Val Top1: 68.24% | Val Top5: 97.02%
[2026-01-30 01:25:08,431][cifar10_resnet50_False][INFO] - Epoch 46/50 | Train Loss: 0.7162 | Train Top1: 75.61% | Val Top1: 65.84% | Val Top5: 96.88%
[2026-01-30 01:25:40,431][cifar10_resnet50_False][INFO] - Epoch 47/50 | Train Loss: 0.7212 | Train Top1: 75.49% | Val Top1: 66.14% | Val Top5: 96.16%
[2026-01-30 01:26:12,492][cifar10_resnet50_False][INFO] - Epoch 48/50 | Train Loss: 0.7100 | Train Top1: 75.95% | Val Top1: 69.12% | Val Top5: 96.94%
[2026-01-30 01:26:44,832][cifar10_resnet50_False][INFO] - Epoch 49/50 | Train Loss: 0.7093 | Train Top1: 75.94% | Val Top1: 66.32% | Val Top5: 95.82%
[2026-01-30 01:27:16,764][cifar10_resnet50_False][INFO] - Epoch 50/50 | Train Loss: 0.7157 | Train Top1: 75.60% | Val Top1: 71.36% | Val Top5: 97.12%
[2026-01-30 01:27:16,765][cifar10_resnet50_False][INFO] - --- Training Finished. Running Final Evaluation with Best Model ---
[2026-01-30 01:27:18,574][cifar10_resnet50_False][INFO] - Final Result -> Loss: 0.8175 | Top-1: 72.63% | Top-5: 97.50%
