[2026-01-30 13:56:01,491][cifar10_resnet50_pretrained][INFO] - --- Experiment: cifar10 + resnet50 ---
[2026-01-30 13:56:01,494][cifar10_resnet50_pretrained][INFO] - Config:
model:
  name: resnet50
  cfg_name: resnet50_pretrained
  num_classes: 10
  pretrained: true
  image_size: 32
train:
  epochs: 50
  batch_size: 64
  learning_rate: 0.1
  weight_decay: 0.0005
  optimizer: sgd
  momentum: 0.9
  device: cuda
  log_dir: ./logs
dataset:
  name: cifar10
  path: /workspace/cv/data/cifar10
  num_classes: 10
  image_size: 32
data:
  batch_size: 64
  num_workers: 4
seed: 42
output_dir: ./outputs
eval:
  batch_size: 256
  device: cuda
robustness:
  data_root: ./data/CIFAR-10-C
  batch_size: 256
  device: cuda
background:
  data_root: ./data/ImageNet9
  epochs: 5
  batch_size: 64
  learning_rate: 0.0001
  device: cuda

[2026-01-30 13:56:03,057][timm.models._builder][INFO] - Loading pretrained weights from Hugging Face hub (timm/resnet50.a1_in1k)
[2026-01-30 13:56:03,306][httpx][INFO] - HTTP Request: HEAD https://huggingface.co/timm/resnet50.a1_in1k/resolve/main/model.safetensors "HTTP/1.1 302 Found"
[2026-01-30 13:56:03,308][timm.models._hub][INFO] - [timm/resnet50.a1_in1k] Safe alternative available for 'pytorch_model.bin' (as 'model.safetensors'). Loading weights using safetensors.
[2026-01-30 13:56:03,333][timm.models._builder][INFO] - Missing keys (fc.weight, fc.bias) discovered while loading pretrained weights. This is expected if model is being adapted.
[2026-01-30 13:56:03,506][cifar10_resnet50_pretrained][INFO] - Optimizer: SGD (lr=0.1, momentum=0.9)
[2026-01-30 13:56:41,247][cifar10_resnet50_pretrained][INFO] - Epoch 1/50 | Train Loss: 1.7143 | Train Top1: 37.30% | Val Top1: 48.40% | Val Top5: 91.98%
[2026-01-30 13:56:41,377][cifar10_resnet50_pretrained][INFO] -    >>> Best model saved (Top1: 48.40%)
[2026-01-30 13:57:17,972][cifar10_resnet50_pretrained][INFO] - Epoch 2/50 | Train Loss: 1.2128 | Train Top1: 57.17% | Val Top1: 41.94% | Val Top5: 87.54%
[2026-01-30 13:57:54,862][cifar10_resnet50_pretrained][INFO] - Epoch 3/50 | Train Loss: 1.0160 | Train Top1: 64.88% | Val Top1: 63.46% | Val Top5: 96.08%
[2026-01-30 13:57:55,650][cifar10_resnet50_pretrained][INFO] -    >>> Best model saved (Top1: 63.46%)
[2026-01-30 13:58:32,548][cifar10_resnet50_pretrained][INFO] - Epoch 4/50 | Train Loss: 0.8590 | Train Top1: 70.53% | Val Top1: 63.74% | Val Top5: 95.72%
[2026-01-30 13:58:33,210][cifar10_resnet50_pretrained][INFO] -    >>> Best model saved (Top1: 63.74%)
[2026-01-30 13:59:10,059][cifar10_resnet50_pretrained][INFO] - Epoch 5/50 | Train Loss: 0.8205 | Train Top1: 72.10% | Val Top1: 62.88% | Val Top5: 95.36%
[2026-01-30 13:59:47,205][cifar10_resnet50_pretrained][INFO] - Epoch 6/50 | Train Loss: 0.8101 | Train Top1: 72.16% | Val Top1: 63.20% | Val Top5: 94.38%
[2026-01-30 14:00:24,636][cifar10_resnet50_pretrained][INFO] - Epoch 7/50 | Train Loss: 0.8183 | Train Top1: 72.41% | Val Top1: 61.36% | Val Top5: 95.86%
[2026-01-30 14:01:01,871][cifar10_resnet50_pretrained][INFO] - Epoch 8/50 | Train Loss: 0.8134 | Train Top1: 72.38% | Val Top1: 67.56% | Val Top5: 97.00%
[2026-01-30 14:01:02,563][cifar10_resnet50_pretrained][INFO] -    >>> Best model saved (Top1: 67.56%)
[2026-01-30 14:01:39,935][cifar10_resnet50_pretrained][INFO] - Epoch 9/50 | Train Loss: 0.8113 | Train Top1: 72.52% | Val Top1: 66.44% | Val Top5: 96.58%
[2026-01-30 14:02:17,622][cifar10_resnet50_pretrained][INFO] - Epoch 10/50 | Train Loss: 0.7904 | Train Top1: 73.28% | Val Top1: 68.12% | Val Top5: 96.42%
[2026-01-30 14:02:18,265][cifar10_resnet50_pretrained][INFO] -    >>> Best model saved (Top1: 68.12%)
[2026-01-30 14:02:55,862][cifar10_resnet50_pretrained][INFO] - Epoch 11/50 | Train Loss: 0.7907 | Train Top1: 73.19% | Val Top1: 66.98% | Val Top5: 97.44%
[2026-01-30 14:03:33,551][cifar10_resnet50_pretrained][INFO] - Epoch 12/50 | Train Loss: 0.7717 | Train Top1: 74.10% | Val Top1: 62.66% | Val Top5: 93.06%
[2026-01-30 14:04:11,429][cifar10_resnet50_pretrained][INFO] - Epoch 13/50 | Train Loss: 0.7771 | Train Top1: 73.81% | Val Top1: 66.38% | Val Top5: 97.38%
[2026-01-30 14:04:49,170][cifar10_resnet50_pretrained][INFO] - Epoch 14/50 | Train Loss: 0.7744 | Train Top1: 73.88% | Val Top1: 62.86% | Val Top5: 95.70%
[2026-01-30 14:05:26,925][cifar10_resnet50_pretrained][INFO] - Epoch 15/50 | Train Loss: 0.7506 | Train Top1: 74.93% | Val Top1: 66.30% | Val Top5: 97.06%
[2026-01-30 14:06:04,862][cifar10_resnet50_pretrained][INFO] - Epoch 16/50 | Train Loss: 0.7472 | Train Top1: 74.63% | Val Top1: 68.12% | Val Top5: 96.56%
[2026-01-30 14:06:42,578][cifar10_resnet50_pretrained][INFO] - Epoch 17/50 | Train Loss: 0.7581 | Train Top1: 74.50% | Val Top1: 69.12% | Val Top5: 97.42%
[2026-01-30 14:06:43,266][cifar10_resnet50_pretrained][INFO] -    >>> Best model saved (Top1: 69.12%)
[2026-01-30 14:07:21,246][cifar10_resnet50_pretrained][INFO] - Epoch 18/50 | Train Loss: 0.7496 | Train Top1: 74.84% | Val Top1: 61.76% | Val Top5: 95.56%
[2026-01-30 14:07:59,300][cifar10_resnet50_pretrained][INFO] - Epoch 19/50 | Train Loss: 0.7362 | Train Top1: 75.16% | Val Top1: 64.30% | Val Top5: 96.04%
[2026-01-30 14:08:37,222][cifar10_resnet50_pretrained][INFO] - Epoch 20/50 | Train Loss: 0.7483 | Train Top1: 74.64% | Val Top1: 70.46% | Val Top5: 97.66%
[2026-01-30 14:08:37,854][cifar10_resnet50_pretrained][INFO] -    >>> Best model saved (Top1: 70.46%)
[2026-01-30 14:09:15,808][cifar10_resnet50_pretrained][INFO] - Epoch 21/50 | Train Loss: 0.7340 | Train Top1: 75.13% | Val Top1: 66.96% | Val Top5: 97.02%
[2026-01-30 14:09:53,689][cifar10_resnet50_pretrained][INFO] - Epoch 22/50 | Train Loss: 0.7337 | Train Top1: 75.40% | Val Top1: 64.96% | Val Top5: 96.08%
[2026-01-30 14:10:31,486][cifar10_resnet50_pretrained][INFO] - Epoch 23/50 | Train Loss: 0.7357 | Train Top1: 75.22% | Val Top1: 67.74% | Val Top5: 96.80%
[2026-01-30 14:11:09,482][cifar10_resnet50_pretrained][INFO] - Epoch 24/50 | Train Loss: 0.7241 | Train Top1: 75.64% | Val Top1: 67.80% | Val Top5: 96.18%
[2026-01-30 14:11:47,365][cifar10_resnet50_pretrained][INFO] - Epoch 25/50 | Train Loss: 0.7329 | Train Top1: 75.24% | Val Top1: 71.90% | Val Top5: 97.48%
[2026-01-30 14:11:48,064][cifar10_resnet50_pretrained][INFO] -    >>> Best model saved (Top1: 71.90%)
[2026-01-30 14:12:26,075][cifar10_resnet50_pretrained][INFO] - Epoch 26/50 | Train Loss: 0.7178 | Train Top1: 75.63% | Val Top1: 71.26% | Val Top5: 97.38%
